c:\users\isaacg\documents\visual studio 2015\projects\v4.10.0\workspaces\release\vc140.pdb
c:\users\isaacg\documents\visual studio 2015\projects\v4.10.0\workspaces\release\augmenttype.obj
c:\users\isaacg\documents\visual studio 2015\projects\v4.10.0\workspaces\release\augmentation.obj
c:\users\isaacg\documents\visual studio 2015\projects\v4.10.0\workspaces\release\translateid.obj
c:\users\isaacg\documents\visual studio 2015\projects\v4.10.0\workspaces\release\stringconversion.obj
c:\users\isaacg\documents\visual studio 2015\projects\v4.10.0\workspaces\release\misc.obj
c:\users\isaacg\documents\visual studio 2015\projects\v4.10.0\workspaces\release\liberalagenda.obj
c:\users\isaacg\documents\visual studio 2015\projects\v4.10.0\workspaces\release\help.obj
c:\users\isaacg\documents\visual studio 2015\projects\v4.10.0\workspaces\release\getnames.obj
c:\users\isaacg\documents\visual studio 2015\projects\v4.10.0\workspaces\release\equipment.obj
c:\users\isaacg\documents\visual studio 2015\projects\v4.10.0\workspaces\release\consolesupport.obj
c:\users\isaacg\documents\visual studio 2015\projects\v4.10.0\workspaces\release\commondisplay.obj
c:\users\isaacg\documents\visual studio 2015\projects\v4.10.0\workspaces\release\commonactions.obj
c:\users\isaacg\documents\visual studio 2015\projects\v4.10.0\workspaces\release\haulkidnap.obj
c:\users\isaacg\documents\visual studio 2015\projects\v4.10.0\workspaces\release\fight.obj
c:\users\isaacg\documents\visual studio 2015\projects\v4.10.0\workspaces\release\chase.obj
c:\users\isaacg\documents\visual studio 2015\projects\v4.10.0\workspaces\release\reviewmode.obj
c:\users\isaacg\documents\visual studio 2015\projects\v4.10.0\workspaces\release\basemode.obj
c:\users\isaacg\documents\visual studio 2015\projects\v4.10.0\workspaces\release\baseactions.obj
c:\users\isaacg\documents\visual studio 2015\projects\v4.10.0\workspaces\release\activate_sleepers.obj
c:\users\isaacg\documents\visual studio 2015\projects\v4.10.0\workspaces\release\activate.obj
c:\users\isaacg\documents\visual studio 2015\projects\v4.10.0\workspaces\release\newencounter.obj
c:\users\isaacg\documents\visual studio 2015\projects\v4.10.0\workspaces\release\miscactions.obj
c:\users\isaacg\documents\visual studio 2015\projects\v4.10.0\workspaces\release\mapspecials.obj
c:\users\isaacg\documents\visual studio 2015\projects\v4.10.0\workspaces\release\advance.obj
c:\users\isaacg\documents\visual studio 2015\projects\v4.10.0\workspaces\release\news.obj
c:\users\isaacg\documents\visual studio 2015\projects\v4.10.0\workspaces\release\sleeper_update.obj
c:\users\isaacg\documents\visual studio 2015\projects\v4.10.0\workspaces\release\monthly.obj
c:\users\isaacg\documents\visual studio 2015\projects\v4.10.0\workspaces\release\lcsmonthly.obj
c:\users\isaacg\documents\visual studio 2015\projects\v4.10.0\workspaces\release\justice.obj
c:\users\isaacg\documents\visual studio 2015\projects\v4.10.0\workspaces\release\endgame.obj
c:\users\isaacg\documents\visual studio 2015\projects\v4.10.0\workspaces\release\world.obj
c:\users\isaacg\documents\visual studio 2015\projects\v4.10.0\workspaces\release\locations.obj
c:\users\isaacg\documents\visual studio 2015\projects\v4.10.0\workspaces\release\siege.obj
c:\users\isaacg\documents\visual studio 2015\projects\v4.10.0\workspaces\release\shopsnstuff.obj
c:\users\isaacg\documents\visual studio 2015\projects\v4.10.0\workspaces\release\recruit.obj
c:\users\isaacg\documents\visual studio 2015\projects\v4.10.0\workspaces\release\interrogation.obj
c:\users\isaacg\documents\visual studio 2015\projects\v4.10.0\workspaces\release\date.obj
c:\users\isaacg\documents\visual studio 2015\projects\v4.10.0\workspaces\release\daily.obj
c:\users\isaacg\documents\visual studio 2015\projects\v4.10.0\workspaces\release\activities.obj
c:\users\isaacg\documents\visual studio 2015\projects\v4.10.0\workspaces\release\creaturetype.obj
c:\users\isaacg\documents\visual studio 2015\projects\v4.10.0\workspaces\release\armortype.obj
c:\users\isaacg\documents\visual studio 2015\projects\v4.10.0\workspaces\release\armor.obj
c:\users\isaacg\documents\visual studio 2015\projects\v4.10.0\workspaces\release\squadstory_text.obj
c:\users\isaacg\documents\visual studio 2015\projects\v4.10.0\workspaces\release\majorevent.obj
c:\users\isaacg\documents\visual studio 2015\projects\v4.10.0\workspaces\release\layout.obj
c:\users\isaacg\documents\visual studio 2015\projects\v4.10.0\workspaces\release\headline.obj
c:\users\isaacg\documents\visual studio 2015\projects\v4.10.0\workspaces\release\ads.obj
c:\users\isaacg\documents\visual studio 2015\projects\v4.10.0\workspaces\release\politics.obj
c:\users\isaacg\documents\visual studio 2015\projects\v4.10.0\workspaces\release\law.obj
c:\users\isaacg\documents\visual studio 2015\projects\v4.10.0\workspaces\release\titlescreen.obj
c:\users\isaacg\documents\visual studio 2015\projects\v4.10.0\workspaces\release\saveload.obj
c:\users\isaacg\documents\visual studio 2015\projects\v4.10.0\workspaces\release\newgame.obj
c:\users\isaacg\documents\visual studio 2015\projects\v4.10.0\workspaces\release\initfile.obj
c:\users\isaacg\documents\visual studio 2015\projects\v4.10.0\workspaces\release\highscore.obj
c:\users\isaacg\documents\visual studio 2015\projects\v4.10.0\workspaces\release\talk.obj
c:\users\isaacg\documents\visual studio 2015\projects\v4.10.0\workspaces\release\stealth.obj
c:\users\isaacg\documents\visual studio 2015\projects\v4.10.0\workspaces\release\sitemode.obj
c:\users\isaacg\documents\visual studio 2015\projects\v4.10.0\workspaces\release\sitemap.obj
c:\users\isaacg\documents\visual studio 2015\projects\v4.10.0\workspaces\release\sitedisplay.obj
c:\users\isaacg\documents\visual studio 2015\projects\v4.10.0\workspaces\release\shop.obj
c:\users\isaacg\documents\visual studio 2015\projects\v4.10.0\workspaces\release\game.obj
c:\users\isaacg\documents\visual studio 2015\projects\v4.10.0\workspaces\release\cursesmovie.obj
c:\users\isaacg\documents\visual studio 2015\projects\v4.10.0\workspaces\release\cursesgraphics.obj
c:\users\isaacg\documents\visual studio 2015\projects\v4.10.0\workspaces\release\configfile.obj
c:\users\isaacg\documents\visual studio 2015\projects\v4.10.0\workspaces\release\compat.obj
c:\users\isaacg\documents\visual studio 2015\projects\v4.10.0\workspaces\release\log.obj
c:\users\isaacg\documents\visual studio 2015\projects\v4.10.0\workspaces\release\markup.obj
c:\users\isaacg\documents\visual studio 2015\projects\v4.10.0\workspaces\release\vehicletype.obj
c:\users\isaacg\documents\visual studio 2015\projects\v4.10.0\workspaces\release\vehicle.obj
c:\users\isaacg\documents\visual studio 2015\projects\v4.10.0\workspaces\release\creaturenames.obj
c:\users\isaacg\documents\visual studio 2015\projects\v4.10.0\workspaces\release\creature.obj
c:\users\isaacg\documents\visual studio 2015\projects\v4.10.0\workspaces\release\weapontype.obj
c:\users\isaacg\documents\visual studio 2015\projects\v4.10.0\workspaces\release\weapon.obj
c:\users\isaacg\documents\visual studio 2015\projects\v4.10.0\workspaces\release\money.obj
c:\users\isaacg\documents\visual studio 2015\projects\v4.10.0\workspaces\release\loottype.obj
c:\users\isaacg\documents\visual studio 2015\projects\v4.10.0\workspaces\release\loot.obj
c:\users\isaacg\documents\visual studio 2015\projects\v4.10.0\workspaces\release\itemtype.obj
c:\users\isaacg\documents\visual studio 2015\projects\v4.10.0\workspaces\release\item.obj
c:\users\isaacg\documents\visual studio 2015\projects\v4.10.0\workspaces\release\cliptype.obj
c:\users\isaacg\documents\visual studio 2015\projects\v4.10.0\workspaces\release\clip.obj
c:\users\isaacg\documents\visual studio 2015\projects\v4.10.0\workspaces\release\lcsio.obj
c:\users\isaacg\documents\visual studio 2015\projects\v4.10.0\workspaces\release\creaturetypes1.obj
c:\users\isaacg\documents\visual studio 2015\projects\v4.10.0\workspaces\release\crimesquad.exe
c:\users\isaacg\documents\visual studio 2015\projects\v4.10.0\workspaces\release\crimesquad.pdb
c:\users\isaacg\documents\visual studio 2015\projects\v4.10.0\workspaces\.\release\crimesquad.exe
c:\users\isaacg\documents\visual studio 2015\projects\v4.10.0\workspaces\release\crimesquad.tlog\cl.command.1.tlog
c:\users\isaacg\documents\visual studio 2015\projects\v4.10.0\workspaces\release\crimesquad.tlog\cl.read.1.tlog
c:\users\isaacg\documents\visual studio 2015\projects\v4.10.0\workspaces\release\crimesquad.tlog\cl.write.1.tlog
c:\users\isaacg\documents\visual studio 2015\projects\v4.10.0\workspaces\release\crimesquad.tlog\link.command.1.tlog
c:\users\isaacg\documents\visual studio 2015\projects\v4.10.0\workspaces\release\crimesquad.tlog\link.read.1.tlog
c:\users\isaacg\documents\visual studio 2015\projects\v4.10.0\workspaces\release\crimesquad.tlog\link.write.1.tlog
